c:\users\mala\desktop\newww\data project - copy (2)\data project\x64\debug\vc143.pdb
c:\users\mala\desktop\newww\data project - copy (2)\data project\x64\debug\.netframework,version=v4.7.2.assemblyattributes.obj
c:\users\mala\desktop\newww\data project - copy (2)\data project\x64\debug\search.obj
c:\users\mala\desktop\newww\data project - copy (2)\data project\x64\debug\myform.obj
c:\users\mala\desktop\newww\data project - copy (2)\data project\x64\debug\insert.obj
c:\users\mala\desktop\newww\data project - copy (2)\data project\x64\debug\dictionary.obj
c:\users\mala\desktop\newww\data project - copy (2)\x64\debug\dataproject.exe
c:\users\mala\desktop\newww\data project - copy (2)\x64\debug\dataproject.pdb
c:\users\mala\desktop\newww\data project - copy (2)\data project\x64\debug\dataproject.tlog\cl.command.1.tlog
c:\users\mala\desktop\newww\data project - copy (2)\data project\x64\debug\dataproject.tlog\cl.items.tlog
c:\users\mala\desktop\newww\data project - copy (2)\data project\x64\debug\dataproject.tlog\cl.read.1.tlog
c:\users\mala\desktop\newww\data project - copy (2)\data project\x64\debug\dataproject.tlog\cl.write.1.tlog
c:\users\mala\desktop\newww\data project - copy (2)\data project\x64\debug\dataproject.tlog\link.command.1.tlog
c:\users\mala\desktop\newww\data project - copy (2)\data project\x64\debug\dataproject.tlog\link.read.1.tlog
c:\users\mala\desktop\newww\data project - copy (2)\data project\x64\debug\dataproject.tlog\link.write.1.tlog
c:\users\mala\desktop\newww\data project - copy (2)\data project\x64\debug\dataproject.tlog\metagen.read.1.tlog
c:\users\mala\desktop\newww\data project - copy (2)\data project\x64\debug\dataproject.tlog\metagen.write.1.tlog
c:\users\mala\desktop\newww\data project - copy (2)\data project\x64\debug\dataproject.tlog\resgen.command.1.tlog
c:\users\mala\desktop\newww\data project - copy (2)\data project\x64\debug\dataproject.tlog\resgen.read.1.tlog
c:\users\mala\desktop\newww\data project - copy (2)\data project\x64\debug\dataproject.tlog\resgen.write.1.tlog
